<?xml version="1.0" encoding="UTF-8"?>
<!-- Generated by org.testng.reporters.JUnitReportReporter -->
<testsuite hostname="GURUSHAN4" failures="0" tests="1" name="webportal.PassParametreThroughXML" time="5.488" errors="0" timestamp="2021-05-23T20:30:11 IST" skipped="0">
  <testcase classname="webportal.PassParametreThroughXML" name="TakeParameterFromXML" time="5.488"/>
  <system-out/>
</testsuite> <!-- webportal.PassParametreThroughXML -->
