<?xml version="1.0" encoding="UTF-8"?>
<!-- Generated by org.testng.reporters.JUnitReportReporter -->
<testsuite hostname="GURUSHAN4" failures="0" tests="1" name="webportal.SoftAssertion" time="78.486" errors="0" timestamp="2021-05-22T11:55:47 IST" skipped="0">
  <testcase classname="webportal.SoftAssertion" name="AssertionExample1" time="78.486"/>
  <system-out/>
</testsuite> <!-- webportal.SoftAssertion -->
