<?xml version="1.0" encoding="UTF-8"?>
<!-- Generated by org.testng.reporters.JUnitReportReporter -->
<testsuite hostname="GURUSHAN4" failures="0" tests="1" name="webportal.BravoTest" time="0.011" errors="0" timestamp="2021-04-15T11:48:57 IST" skipped="0">
  <testcase classname="webportal.BravoTest" name="loginTest" time="0.011"/>
  <system-out/>
</testsuite> <!-- webportal.BravoTest -->
