<?xml version="1.0" encoding="UTF-8"?>
<!-- Generated by org.testng.reporters.JUnitReportReporter -->
<testsuite hostname="GURUSHAN4" failures="0" tests="3" name="webportal.Annotations" time="0.009" errors="0" timestamp="2021-05-22T12:03:20 IST" skipped="0">
  <testcase classname="webportal.Annotations" name="a_run" time="0.007"/>
  <system-out/>
  <testcase classname="webportal.Annotations" name="b_run" time="0.001"/>
  <system-out/>
  <testcase classname="webportal.Annotations" name="c_run" time="0.001"/>
  <system-out/>
</testsuite> <!-- webportal.Annotations -->
