<?xml version="1.0" encoding="UTF-8"?>
<!-- Generated by org.testng.reporters.JUnitReportReporter -->
<testsuite hostname="GURUSHAN4" failures="0" tests="1" name="webportal.BeforeTestcase" time="0.003" errors="0" timestamp="2021-05-22T12:03:20 IST" skipped="0">
  <testcase classname="webportal.BeforeTestcase" name="print1" time="0.003"/>
  <system-out/>
</testsuite> <!-- webportal.BeforeTestcase -->
