<?xml version="1.0" encoding="UTF-8"?>
<!-- Generated by org.testng.reporters.JUnitReportReporter -->
<testsuite hostname="GURUSHAN4" failures="0" tests="2" name="webportal.GroupTestcases" time="0.018" errors="0" timestamp="2021-05-22T12:00:33 IST" skipped="0">
  <testcase classname="webportal.GroupTestcases" name="goodM" time="0.017"/>
  <system-out/>
  <testcase classname="webportal.GroupTestcases" name="officeopen" time="0.001"/>
  <system-out/>
</testsuite> <!-- webportal.GroupTestcases -->
