<?xml version="1.0" encoding="UTF-8"?>
<!-- Generated by org.testng.reporters.JUnitReportReporter -->
<testsuite hostname="GURUSHAN4" failures="0" tests="1" name="webportal.FewAnnotationsUse" time="0.023" errors="0" timestamp="2021-04-15T23:02:12 IST" skipped="0">
  <testcase classname="webportal.FewAnnotationsUse" name="check" time="0.023"/>
  <system-out/>
</testsuite> <!-- webportal.FewAnnotationsUse -->
