<?xml version="1.0" encoding="UTF-8"?>
<!-- Generated by org.testng.reporters.JUnitReportReporter -->
<testsuite hostname="GURUSHAN4" failures="0" tests="4" name="webportal.SkipTestCase" time="0.011" errors="0" timestamp="2021-05-22T12:18:41 IST" skipped="2">
  <testcase classname="webportal.SkipTestCase" name="bye" time="0.008">
    <skipped/>
  </testcase> <!-- bye -->
  <system-out/>
  <testcase classname="webportal.SkipTestCase" name="officeClose" time="0.001"/>
  <system-out/>
  <testcase classname="webportal.SkipTestCase" name="print1" time="0.002"/>
  <system-out/>
  <testcase classname="webportal.SkipTestCase" name="goodM">
    <skipped/>
  </testcase> <!-- goodM -->
  <system-out/>
</testsuite> <!-- webportal.SkipTestCase -->
